<?xml version="1.0" encoding="UTF-8"?>
<testsuite xmlns:xsi="http://www.w3.org/2001/XMLSchema-instance" xsi:noNamespaceSchemaLocation="https://maven.apache.org/surefire/maven-surefire-plugin/xsd/surefire-test-report.xsd" name="logic.LogicTest" time="0.147" tests="87" errors="0" skipped="0" failures="0">
  <properties>
    <property name="java.specification.version" value="18"/>
    <property name="sun.cpu.isalist" value="amd64"/>
    <property name="sun.jnu.encoding" value="Cp1252"/>
    <property name="java.class.path" value="C:\Users\Flori\OneDrive\Desktop\pp_checkout_abgabe\tags\final\pp_Crosswise_Kern\target\test-classes;C:\Users\Flori\OneDrive\Desktop\pp_checkout_abgabe\tags\final\pp_Crosswise_Kern\target\classes;C:\Users\Flori\.m2\repository\org\openjfx\javafx-controls\16\javafx-controls-16.jar;C:\Users\Flori\.m2\repository\org\openjfx\javafx-graphics\16\javafx-graphics-16.jar;C:\Users\Flori\.m2\repository\org\openjfx\javafx-fxml\16\javafx-fxml-16.jar;C:\Users\Flori\.m2\repository\org\openjfx\javafx-base\16\javafx-base-16-win.jar;C:\Users\Flori\.m2\repository\org\openjfx\javafx-graphics\16\javafx-graphics-16-win.jar;C:\Users\Flori\.m2\repository\org\openjfx\javafx-base\16\javafx-base-16.jar;C:\Users\Flori\.m2\repository\org\openjfx\javafx-controls\16\javafx-controls-16-win.jar;C:\Users\Flori\.m2\repository\org\openjfx\javafx-fxml\16\javafx-fxml-16-win.jar;C:\Users\Flori\.m2\repository\com\google\code\gson\gson\2.8.8\gson-2.8.8.jar;C:\Users\Flori\.m2\repository\junit\junit\4.12\junit-4.12.jar;C:\Users\Flori\.m2\repository\org\hamcrest\hamcrest-core\1.3\hamcrest-core-1.3.jar;"/>
    <property name="java.vm.vendor" value="Oracle Corporation"/>
    <property name="sun.arch.data.model" value="64"/>
    <property name="user.variant" value=""/>
    <property name="java.vendor.url" value="https://java.oracle.com/"/>
    <property name="user.timezone" value="Europe/Berlin"/>
    <property name="os.name" value="Windows 10"/>
    <property name="java.vm.specification.version" value="18"/>
    <property name="sun.java.launcher" value="SUN_STANDARD"/>
    <property name="user.country" value="DE"/>
    <property name="sun.boot.library.path" value="C:\Users\Flori\.jdks\openjdk-18\bin"/>
    <property name="sun.java.command" value="C:\Users\Flori\AppData\Local\Temp\surefire14077134358220881235\surefirebooter2599103942157180792.jar C:\Users\Flori\AppData\Local\Temp\surefire14077134358220881235 2022-08-10T19-22-28_853-jvmRun1 surefire16675354087243094497tmp surefire_016663754929046490460tmp"/>
    <property name="jdk.debug" value="release"/>
    <property name="surefire.test.class.path" value="C:\Users\Flori\OneDrive\Desktop\pp_checkout_abgabe\tags\final\pp_Crosswise_Kern\target\test-classes;C:\Users\Flori\OneDrive\Desktop\pp_checkout_abgabe\tags\final\pp_Crosswise_Kern\target\classes;C:\Users\Flori\.m2\repository\org\openjfx\javafx-controls\16\javafx-controls-16.jar;C:\Users\Flori\.m2\repository\org\openjfx\javafx-graphics\16\javafx-graphics-16.jar;C:\Users\Flori\.m2\repository\org\openjfx\javafx-fxml\16\javafx-fxml-16.jar;C:\Users\Flori\.m2\repository\org\openjfx\javafx-base\16\javafx-base-16-win.jar;C:\Users\Flori\.m2\repository\org\openjfx\javafx-graphics\16\javafx-graphics-16-win.jar;C:\Users\Flori\.m2\repository\org\openjfx\javafx-base\16\javafx-base-16.jar;C:\Users\Flori\.m2\repository\org\openjfx\javafx-controls\16\javafx-controls-16-win.jar;C:\Users\Flori\.m2\repository\org\openjfx\javafx-fxml\16\javafx-fxml-16-win.jar;C:\Users\Flori\.m2\repository\com\google\code\gson\gson\2.8.8\gson-2.8.8.jar;C:\Users\Flori\.m2\repository\junit\junit\4.12\junit-4.12.jar;C:\Users\Flori\.m2\repository\org\hamcrest\hamcrest-core\1.3\hamcrest-core-1.3.jar;"/>
    <property name="sun.cpu.endian" value="little"/>
    <property name="user.home" value="C:\Users\Flori"/>
    <property name="user.language" value="de"/>
    <property name="java.specification.vendor" value="Oracle Corporation"/>
    <property name="java.version.date" value="2022-03-22"/>
    <property name="java.home" value="C:\Users\Flori\.jdks\openjdk-18"/>
    <property name="file.separator" value="\"/>
    <property name="basedir" value="C:\Users\Flori\OneDrive\Desktop\pp_checkout_abgabe\tags\final\pp_Crosswise_Kern"/>
    <property name="java.vm.compressedOopsMode" value="Zero based"/>
    <property name="line.separator" value="&#10;"/>
    <property name="java.vm.specification.vendor" value="Oracle Corporation"/>
    <property name="java.specification.name" value="Java Platform API Specification"/>
    <property name="surefire.real.class.path" value="C:\Users\Flori\AppData\Local\Temp\surefire14077134358220881235\surefirebooter2599103942157180792.jar"/>
    <property name="user.script" value=""/>
    <property name="sun.management.compiler" value="HotSpot 64-Bit Tiered Compilers"/>
    <property name="java.runtime.version" value="18+36-2087"/>
    <property name="user.name" value="Flori"/>
    <property name="path.separator" value=";"/>
    <property name="os.version" value="10.0"/>
    <property name="java.runtime.name" value="OpenJDK Runtime Environment"/>
    <property name="file.encoding" value="UTF-8"/>
    <property name="java.vm.name" value="OpenJDK 64-Bit Server VM"/>
    <property name="localRepository" value="C:\Users\Flori\.m2\repository"/>
    <property name="java.vendor.url.bug" value="https://bugreport.java.com/bugreport/"/>
    <property name="java.io.tmpdir" value="C:\Users\Flori\AppData\Local\Temp\"/>
    <property name="idea.version" value="2021.3.3"/>
    <property name="java.version" value="18"/>
    <property name="user.dir" value="C:\Users\Flori\OneDrive\Desktop\pp_checkout_abgabe\tags\final\pp_Crosswise_Kern"/>
    <property name="os.arch" value="amd64"/>
    <property name="java.vm.specification.name" value="Java Virtual Machine Specification"/>
    <property name="sun.os.patch.level" value=""/>
    <property name="native.encoding" value="Cp1252"/>
    <property name="java.library.path" value="C:\Users\Flori\.jdks\openjdk-18\bin;C:\Windows\Sun\Java\bin;C:\Windows\system32;C:\Windows;C:\Program Files (x86)\Common Files\Oracle\Java\javapath;C:\Windows\system32;C:\Windows;C:\Windows\System32\Wbem;C:\Windows\System32\WindowsPowerShell\v1.0\;C:\Windows\System32\OpenSSH\;C:\Program Files\TortoiseSVN\bin;C:\Users\Flori\AppData\Local\Microsoft\WindowsApps;D:\Microsoft VS Code\bin;."/>
    <property name="java.vm.info" value="mixed mode, sharing"/>
    <property name="java.vendor" value="Oracle Corporation"/>
    <property name="java.vm.version" value="18+36-2087"/>
    <property name="sun.io.unicode.encoding" value="UnicodeLittle"/>
    <property name="java.class.version" value="62.0"/>
  </properties>
  <testcase name="testEmptyCellsLeft" classname="logic.LogicTest" time="0.004"/>
  <testcase name="testEvaluateWinnerSextupletHorizontal" classname="logic.LogicTest" time="0.012"/>
  <testcase name="testCauseTurn_IncludesPlayerTurnAI_RemoveToken" classname="logic.LogicTest" time="0.033"/>
  <testcase name="testFieldIsNotEmpty" classname="logic.LogicTest" time="0.001"/>
  <testcase name="testAITurn_swapOnBoardStoneSwapForWinVertical" classname="logic.LogicTest" time="0"/>
  <testcase name="testAITurn_swapOnBoardStoneSwapForWinHorizontal" classname="logic.LogicTest" time="0.001"/>
  <testcase name="testPlayerTurnSwapOnBoardToken" classname="logic.LogicTest" time="0.002"/>
  <testcase name="testPointEvaluationColumnQuintuplet" classname="logic.LogicTest" time="0"/>
  <testcase name="testAITurn_swapOnBoardStoneTwoTokens" classname="logic.LogicTest" time="0.001"/>
  <testcase name="testCauseTurn_IncludesPlayerTurnAI_RegularToken" classname="logic.LogicTest" time="0.003"/>
  <testcase name="testPlayerTurnRegularToken" classname="logic.LogicTest" time="0.002"/>
  <testcase name="testCauseTurn_IncludesPlayerTurnAI_SwapOnBoardToken" classname="logic.LogicTest" time="0.002"/>
  <testcase name="testAITurn_standardTileGetMaxPointTurns" classname="logic.LogicTest" time="0.002"/>
  <testcase name="testAITurn_swapOnBoardStonePreventSixOpponentIsVertical" classname="logic.LogicTest" time="0"/>
  <testcase name="testPointEvaluationRowQuadruplet" classname="logic.LogicTest" time="0"/>
  <testcase name="testCauseTurn_IncludesPlayerTurnAI_SwapWithHandToken" classname="logic.LogicTest" time="0.002"/>
  <testcase name="testAITurn_suggestTurnMoveTokenMoveForPoints" classname="logic.LogicTest" time="0.001"/>
  <testcase name="testAITurn_moveStoneMoveForWin" classname="logic.LogicTest" time="0.001"/>
  <testcase name="testEvaluateWinnerHorizontal" classname="logic.LogicTest" time="0"/>
  <testcase name="testPlayerTurn_CombinationWithPlayerTurnAi" classname="logic.LogicTest" time="0.002"/>
  <testcase name="testAITurn_swapOnBoardStoneMaxPointSwapTurnsHorizontal" classname="logic.LogicTest" time="0.001"/>
  <testcase name="testFieldIsEmpty" classname="logic.LogicTest" time="0"/>
  <testcase name="testPlayerTurnSwapWithHandToken" classname="logic.LogicTest" time="0.001"/>
  <testcase name="testAITurn_StandardTile_stopWinOpposingTeam" classname="logic.LogicTest" time="0.001"/>
  <testcase name="testAiTurn_getBestTurnsMoveStone" classname="logic.LogicTest" time="0.001"/>
  <testcase name="testAITurn_StandardTile_placeWinningTile" classname="logic.LogicTest" time="0"/>
  <testcase name="testAITurn_suggestTurnSwapOnBoardSwapForWin" classname="logic.LogicTest" time="0.001"/>
  <testcase name="testAITurn_swapWithHandPreventOpponentWinningSix" classname="logic.LogicTest" time="0"/>
  <testcase name="testIsPlayableTurn_MoveTokenIsPlayable" classname="logic.LogicTest" time="0"/>
  <testcase name="testIsPlayableTurn_SwapWithHandTokenIsNotPlayable" classname="logic.LogicTest" time="0"/>
  <testcase name="testIsPlayableTurn_SwapOnBoardTokenIsNotPlayable" classname="logic.LogicTest" time="0"/>
  <testcase name="testAITurn_swapOnBoardStoneMorePossibleTurns" classname="logic.LogicTest" time="0"/>
  <testcase name="testPlayerTurnRemoveToken" classname="logic.LogicTest" time="0.001"/>
  <testcase name="testEvaluateWinnerNoWinner" classname="logic.LogicTest" time="0"/>
  <testcase name="testIsPlayableTurn_RemoveTokenFieldIsNotEmpty" classname="logic.LogicTest" time="0"/>
  <testcase name="testPointEvaluationRowNoPoints" classname="logic.LogicTest" time="0"/>
  <testcase name="testAITurn_suggestTurnRemove_bestRemoveForTurn" classname="logic.LogicTest" time="0"/>
  <testcase name="testAITurn_getBestTurn" classname="logic.LogicTest" time="0.001"/>
  <testcase name="testPointEvaluationColumnTriplet" classname="logic.LogicTest" time="0"/>
  <testcase name="testAITurn_removerStopWinningSixOpponent" classname="logic.LogicTest" time="0"/>
  <testcase name="testPointEvaluationRowPair" classname="logic.LogicTest" time="0"/>
  <testcase name="testPointEvaluationRowQuintuplet" classname="logic.LogicTest" time="0"/>
  <testcase name="testAITurn_swapWithHandSwapForWin" classname="logic.LogicTest" time="0"/>
  <testcase name="testIsPlayableTurn_SwapWithHandTokenIsNotPlayable3" classname="logic.LogicTest" time="0"/>
  <testcase name="testAITurn_suggestTurnRemove_bestRemoveForTurnMultiplePossibilities" classname="logic.LogicTest" time="0"/>
  <testcase name="testIsPlayableTurn_MoveTokenFieldIsFull" classname="logic.LogicTest" time="0"/>
  <testcase name="testAITurn_suggestTurnRegularTokenWinningSix" classname="logic.LogicTest" time="0.001"/>
  <testcase name="testAITurn_suggestTurnRemovePreventWinningSix" classname="logic.LogicTest" time="0"/>
  <testcase name="testAITurn_suggestTurnGetChooseRightPosition" classname="logic.LogicTest" time="0.002"/>
  <testcase name="testAITurn_suggestTurnSwapWithHandSwapForPoints" classname="logic.LogicTest" time="0.001"/>
  <testcase name="testAITurn_StandardTile_allCellsFree" classname="logic.LogicTest" time="0"/>
  <testcase name="testAITurn_StandardTile_cantStopWinOpposingTeamWithToken" classname="logic.LogicTest" time="0"/>
  <testcase name="testPointEvaluationRowTriplet" classname="logic.LogicTest" time="0"/>
  <testcase name="testAITurn_remover" classname="logic.LogicTest" time="0"/>
  <testcase name="testHandleSpecialToken" classname="logic.LogicTest" time="0.001"/>
  <testcase name="testPointEvaluationColumnPair" classname="logic.LogicTest" time="0"/>
  <testcase name="testNoEmptyCellsLeft" classname="logic.LogicTest" time="0"/>
  <testcase name="testAITurn_suggestTurnGameStarted" classname="logic.LogicTest" time="0.001"/>
  <testcase name="testAITurn_suggestTurnRemoveTokenRemoveToken" classname="logic.LogicTest" time="0"/>
  <testcase name="testAITurn_swapWithHandPrioritizeWinPrevention" classname="logic.LogicTest" time="0"/>
  <testcase name="testPointEvaluationColumnSixOfOneKind" classname="logic.LogicTest" time="0"/>
  <testcase name="testPointEvaluationRowTwoPairs" classname="logic.LogicTest" time="0.001"/>
  <testcase name="testPointEvaluationColumnQuadruplet" classname="logic.LogicTest" time="0"/>
  <testcase name="testAITurn_moveStone" classname="logic.LogicTest" time="0.001"/>
  <testcase name="testPointEvaluationColumnPairAndTriplet" classname="logic.LogicTest" time="0"/>
  <testcase name="testEvaluateWinnerSextupletVertical" classname="logic.LogicTest" time="0"/>
  <testcase name="testCountTokensOnField" classname="logic.LogicTest" time="0"/>
  <testcase name="testEvaluateFieldHorizontal" classname="logic.LogicTest" time="0"/>
  <testcase name="testAITurn_suggestTurnMoveTokenPreventWinningSix" classname="logic.LogicTest" time="0.001"/>
  <testcase name="testAITurn_suggestTurnSwapWithHandSwapWinningSix" classname="logic.LogicTest" time="0"/>
  <testcase name="testIsPlayableTurn_MoveTokenFieldIsEmpty" classname="logic.LogicTest" time="0"/>
  <testcase name="testEvaluateWinnerVertical" classname="logic.LogicTest" time="0"/>
  <testcase name="testAITurn_suggestTurnSwapOnBoardSwapForPoints" classname="logic.LogicTest" time="0.001"/>
  <testcase name="testAITurn_swapWithHandStone" classname="logic.LogicTest" time="0"/>
  <testcase name="testAITurn_suggestTurnMoveTokenWinningSix" classname="logic.LogicTest" time="0.001"/>
  <testcase name="testAITurn_suggestTurnRegularTokenPreventWinningSix" classname="logic.LogicTest" time="0"/>
  <testcase name="testEvaluateFieldVertical" classname="logic.LogicTest" time="0"/>
  <testcase name="testEvaluateWinnerUnfinishedGame" classname="logic.LogicTest" time="0"/>
  <testcase name="testPointEvaluationColumnNoPoints" classname="logic.LogicTest" time="0"/>
  <testcase name="testAITurn_swapOnBoardStonePreventSixOpponentIsHorizontal" classname="logic.LogicTest" time="0.001"/>
  <testcase name="testAITurn_moveStonePreventOpponentWin" classname="logic.LogicTest" time="0"/>
  <testcase name="testAITurn_suggestTurnSwapWithHandPreventSix" classname="logic.LogicTest" time="0"/>
  <testcase name="testIsPlayableTurn_SwapOnBoardTokenIsPlayable" classname="logic.LogicTest" time="0"/>
  <testcase name="testAITurn_suggestTurnSwapOnBoardPreventWinningSix" classname="logic.LogicTest" time="0"/>
  <testcase name="testPlayerTurnMoveToken" classname="logic.LogicTest" time="0.007"/>
  <testcase name="testIsPlayableTurn_RemoveTokenFieldIsEmpty" classname="logic.LogicTest" time="0.001"/>
  <testcase name="testSetToken" classname="logic.LogicTest" time="0"/>
</testsuite>